0 info it worked if it ends with ok
1 verbose cli [ '/home/kevin/n/bin/node',
1 verbose cli   '/home/kevin/n/bin/npm',
1 verbose cli   'i',
1 verbose cli   '--save',
1 verbose cli   'firebase' ]
2 info using npm@3.10.10
3 info using node@v8.0.0
4 silly loadCurrentTree Starting
5 silly install loadCurrentTree
6 silly install readLocalPackageData
7 silly fetchPackageMetaData firebase
8 silly fetchNamedPackageData firebase
9 silly mapToRegistry name firebase
10 silly mapToRegistry using default registry
11 silly mapToRegistry registry https://registry.npmjs.org/
12 silly mapToRegistry data { type: 'tag',
12 silly mapToRegistry   registry: true,
12 silly mapToRegistry   where: undefined,
12 silly mapToRegistry   raw: 'firebase',
12 silly mapToRegistry   name: 'firebase',
12 silly mapToRegistry   escapedName: 'firebase',
12 silly mapToRegistry   scope: undefined,
12 silly mapToRegistry   rawSpec: '',
12 silly mapToRegistry   saveSpec: null,
12 silly mapToRegistry   fetchSpec: 'latest',
12 silly mapToRegistry   gitRange: undefined,
12 silly mapToRegistry   gitCommittish: undefined,
12 silly mapToRegistry   hosted: undefined }
13 silly mapToRegistry uri https://registry.npmjs.org/firebase
14 verbose request uri https://registry.npmjs.org/firebase
15 verbose request no auth needed
16 info attempt registry request try #1 at 15:36:00
17 verbose request id 26046b2ee2064dc7
18 verbose etag W/"5969a8ba-222a8"
19 verbose lastModified Sat, 15 Jul 2017 05:31:38 GMT
20 http request GET https://registry.npmjs.org/firebase
21 http 304 https://registry.npmjs.org/firebase
22 verbose headers { date: 'Sun, 23 Jul 2017 23:36:01 GMT',
22 verbose headers   via: '1.1 varnish',
22 verbose headers   'cache-control': 'max-age=300',
22 verbose headers   etag: 'W/"5969a8ba-222a8"',
22 verbose headers   age: '25',
22 verbose headers   connection: 'keep-alive',
22 verbose headers   'x-served-by': 'cache-sjc3640-SJC',
22 verbose headers   'x-cache': 'HIT',
22 verbose headers   'x-cache-hits': '1',
22 verbose headers   'x-timer': 'S1500852962.716153,VS0,VE1',
22 verbose headers   vary: 'Accept-Encoding, Accept' }
23 silly get cb [ 304,
23 silly get   { date: 'Sun, 23 Jul 2017 23:36:01 GMT',
23 silly get     via: '1.1 varnish',
23 silly get     'cache-control': 'max-age=300',
23 silly get     etag: 'W/"5969a8ba-222a8"',
23 silly get     age: '25',
23 silly get     connection: 'keep-alive',
23 silly get     'x-served-by': 'cache-sjc3640-SJC',
23 silly get     'x-cache': 'HIT',
23 silly get     'x-cache-hits': '1',
23 silly get     'x-timer': 'S1500852962.716153,VS0,VE1',
23 silly get     vary: 'Accept-Encoding, Accept' } ]
24 verbose etag https://registry.npmjs.org/firebase from cache
25 verbose get saving firebase to /home/kevin/.npm/registry.npmjs.org/firebase/.cache.json
26 verbose correctMkdir /home/kevin/.npm correctMkdir not in flight; initializing
27 silly fetchNamedPackageData No valid target from cache, forcing network
28 verbose request uri https://registry.npmjs.org/firebase
29 verbose request no auth needed
30 info attempt registry request try #1 at 15:36:01
31 http request GET https://registry.npmjs.org/firebase
32 http 200 https://registry.npmjs.org/firebase
33 verbose headers { server: 'nginx/1.10.3',
33 verbose headers   'content-type': 'application/json',
33 verbose headers   'last-modified': 'Sat, 15 Jul 2017 05:31:38 GMT',
33 verbose headers   etag: 'W/"5969a8ba-222a8"',
33 verbose headers   'content-encoding': 'gzip',
33 verbose headers   'cache-control': 'max-age=300',
33 verbose headers   'content-length': '14241',
33 verbose headers   'accept-ranges': 'bytes',
33 verbose headers   date: 'Sun, 23 Jul 2017 23:36:01 GMT',
33 verbose headers   via: '1.1 varnish',
33 verbose headers   age: '25',
33 verbose headers   connection: 'keep-alive',
33 verbose headers   'x-served-by': 'cache-sjc3640-SJC',
33 verbose headers   'x-cache': 'HIT',
33 verbose headers   'x-cache-hits': '2',
33 verbose headers   'x-timer': 'S1500852962.844809,VS0,VE0',
33 verbose headers   vary: 'Accept-Encoding, Accept' }
34 silly get cb [ 200,
34 silly get   { server: 'nginx/1.10.3',
34 silly get     'content-type': 'application/json',
34 silly get     'last-modified': 'Sat, 15 Jul 2017 05:31:38 GMT',
34 silly get     etag: 'W/"5969a8ba-222a8"',
34 silly get     'content-encoding': 'gzip',
34 silly get     'cache-control': 'max-age=300',
34 silly get     'content-length': '14241',
34 silly get     'accept-ranges': 'bytes',
34 silly get     date: 'Sun, 23 Jul 2017 23:36:01 GMT',
34 silly get     via: '1.1 varnish',
34 silly get     age: '25',
34 silly get     connection: 'keep-alive',
34 silly get     'x-served-by': 'cache-sjc3640-SJC',
34 silly get     'x-cache': 'HIT',
34 silly get     'x-cache-hits': '2',
34 silly get     'x-timer': 'S1500852962.844809,VS0,VE0',
34 silly get     vary: 'Accept-Encoding, Accept' } ]
35 verbose get saving firebase to /home/kevin/.npm/registry.npmjs.org/firebase/.cache.json
36 verbose correctMkdir /home/kevin/.npm correctMkdir not in flight; initializing
37 silly fetchPackageMetaData Error: No compatible version found: firebase
37 silly fetchPackageMetaData Valid install targets:
37 silly fetchPackageMetaData 4.1.3, 4.1.2, 4.1.1, 4.1.0, 4.0.0, 3.9.0, 3.8.0, 3.7.8, 3.7.7, 3.7.6, 3.7.5, 3.7.4, 3.7.3, 3.7.2, 3.7.1, 3.7.0, 3.6.10, 3.6.9, 3.6.8, 3.6.7, 3.6.6, 3.6.5, 3.6.4, 3.6.3, 3.6.2, 3.6.1, 3.6.0, 3.5.3, 3.5.2, 3.5.1, 3.5.0, 3.4.1, 3.4.0, 3.3.2, 3.3.1, 3.3.0, 3.2.1, 3.2.0, 3.1.0, 3.0.5, 3.0.4, 3.0.3, 3.0.2, 3.0.1, 3.0.0, 2.4.2, 2.4.1, 2.4.0, 2.3.2, 2.3.1, 2.3.0, 2.2.9, 2.2.8, 2.2.7, 2.2.6, 2.2.5, 2.2.4, 2.2.3, 2.2.2, 2.2.1, 2.2.0, 2.1.2, 2.1.1, 2.1.0, 2.0.6, 2.0.5, 2.0.4, 2.0.3, 2.0.2, 2.0.1, 2.0.0, 1.2.0, 1.2.0-beta.1-0, 1.2.0-beta.3, 1.2.0-beta.2, 1.1.3, 1.1.2, 1.1.1, 1.1.0, 1.0.24, 1.0.23, 1.0.21, 1.0.20, 1.0.19, 1.0.18, 1.0.17, 1.0.15, 1.0.15-3, 1.0.15-2, 1.0.14, 1.0.13, 1.0.12, 1.0.11, 1.0.10, 1.0.10-2, 1.0.5, 1.0.4, 1.0.3, 1.0.2, 1.0.1, 1.0.1-npm, 0.6.22, 0.6.21, 0.6.19, 0.6.17, 0.6.16, 0.6.15, 0.6.14, 0.6.11, 0.6.10, 0.6.9, 0.6.8, 0.6.7, 0.6.6, 0.6.5, 0.6.4, 0.6.3, 0.6.2, 0.6.1, 0.6.0, 0.5.4, 0.5.3, 0.5.2, 0.5.1, 0.5.0, 0.0.0
37 silly fetchPackageMetaData
37 silly fetchPackageMetaData     at pickVersionFromRegistryDocument (/home/kevin/n/lib/node_modules/npm/lib/fetch-package-metadata.js:178:16)
37 silly fetchPackageMetaData     at /home/kevin/n/lib/node_modules/npm/node_modules/iferr/index.js:13:50
37 silly fetchPackageMetaData     at /home/kevin/n/lib/node_modules/npm/lib/utils/pulse-till-done.js:20:8
37 silly fetchPackageMetaData     at saved (/home/kevin/n/lib/node_modules/npm/lib/cache/caching-client.js:174:7)
37 silly fetchPackageMetaData     at /home/kevin/n/lib/node_modules/npm/node_modules/graceful-fs/polyfills.js:261:18
37 silly fetchPackageMetaData     at FSReqWrap.oncomplete (fs.js:135:15)
37 silly fetchPackageMetaData  error for firebase { Error: No compatible version found: firebase
37 silly fetchPackageMetaData Valid install targets:
37 silly fetchPackageMetaData 4.1.3, 4.1.2, 4.1.1, 4.1.0, 4.0.0, 3.9.0, 3.8.0, 3.7.8, 3.7.7, 3.7.6, 3.7.5, 3.7.4, 3.7.3, 3.7.2, 3.7.1, 3.7.0, 3.6.10, 3.6.9, 3.6.8, 3.6.7, 3.6.6, 3.6.5, 3.6.4, 3.6.3, 3.6.2, 3.6.1, 3.6.0, 3.5.3, 3.5.2, 3.5.1, 3.5.0, 3.4.1, 3.4.0, 3.3.2, 3.3.1, 3.3.0, 3.2.1, 3.2.0, 3.1.0, 3.0.5, 3.0.4, 3.0.3, 3.0.2, 3.0.1, 3.0.0, 2.4.2, 2.4.1, 2.4.0, 2.3.2, 2.3.1, 2.3.0, 2.2.9, 2.2.8, 2.2.7, 2.2.6, 2.2.5, 2.2.4, 2.2.3, 2.2.2, 2.2.1, 2.2.0, 2.1.2, 2.1.1, 2.1.0, 2.0.6, 2.0.5, 2.0.4, 2.0.3, 2.0.2, 2.0.1, 2.0.0, 1.2.0, 1.2.0-beta.1-0, 1.2.0-beta.3, 1.2.0-beta.2, 1.1.3, 1.1.2, 1.1.1, 1.1.0, 1.0.24, 1.0.23, 1.0.21, 1.0.20, 1.0.19, 1.0.18, 1.0.17, 1.0.15, 1.0.15-3, 1.0.15-2, 1.0.14, 1.0.13, 1.0.12, 1.0.11, 1.0.10, 1.0.10-2, 1.0.5, 1.0.4, 1.0.3, 1.0.2, 1.0.1, 1.0.1-npm, 0.6.22, 0.6.21, 0.6.19, 0.6.17, 0.6.16, 0.6.15, 0.6.14, 0.6.11, 0.6.10, 0.6.9, 0.6.8, 0.6.7, 0.6.6, 0.6.5, 0.6.4, 0.6.3, 0.6.2, 0.6.1, 0.6.0, 0.5.4, 0.5.3, 0.5.2, 0.5.1, 0.5.0, 0.0.0
37 silly fetchPackageMetaData
37 silly fetchPackageMetaData     at pickVersionFromRegistryDocument (/home/kevin/n/lib/node_modules/npm/lib/fetch-package-metadata.js:178:16)
37 silly fetchPackageMetaData     at /home/kevin/n/lib/node_modules/npm/node_modules/iferr/index.js:13:50
37 silly fetchPackageMetaData     at /home/kevin/n/lib/node_modules/npm/lib/utils/pulse-till-done.js:20:8
37 silly fetchPackageMetaData     at saved (/home/kevin/n/lib/node_modules/npm/lib/cache/caching-client.js:174:7)
37 silly fetchPackageMetaData     at /home/kevin/n/lib/node_modules/npm/node_modules/graceful-fs/polyfills.js:261:18
37 silly fetchPackageMetaData     at FSReqWrap.oncomplete (fs.js:135:15) code: 'ETARGET' }
38 silly rollbackFailedOptional Starting
39 silly rollbackFailedOptional Finishing
40 silly runTopLevelLifecycles Finishing
41 silly install printInstalled
42 verbose stack Error: No compatible version found: firebase
42 verbose stack Valid install targets:
42 verbose stack 4.1.3, 4.1.2, 4.1.1, 4.1.0, 4.0.0, 3.9.0, 3.8.0, 3.7.8, 3.7.7, 3.7.6, 3.7.5, 3.7.4, 3.7.3, 3.7.2, 3.7.1, 3.7.0, 3.6.10, 3.6.9, 3.6.8, 3.6.7, 3.6.6, 3.6.5, 3.6.4, 3.6.3, 3.6.2, 3.6.1, 3.6.0, 3.5.3, 3.5.2, 3.5.1, 3.5.0, 3.4.1, 3.4.0, 3.3.2, 3.3.1, 3.3.0, 3.2.1, 3.2.0, 3.1.0, 3.0.5, 3.0.4, 3.0.3, 3.0.2, 3.0.1, 3.0.0, 2.4.2, 2.4.1, 2.4.0, 2.3.2, 2.3.1, 2.3.0, 2.2.9, 2.2.8, 2.2.7, 2.2.6, 2.2.5, 2.2.4, 2.2.3, 2.2.2, 2.2.1, 2.2.0, 2.1.2, 2.1.1, 2.1.0, 2.0.6, 2.0.5, 2.0.4, 2.0.3, 2.0.2, 2.0.1, 2.0.0, 1.2.0, 1.2.0-beta.1-0, 1.2.0-beta.3, 1.2.0-beta.2, 1.1.3, 1.1.2, 1.1.1, 1.1.0, 1.0.24, 1.0.23, 1.0.21, 1.0.20, 1.0.19, 1.0.18, 1.0.17, 1.0.15, 1.0.15-3, 1.0.15-2, 1.0.14, 1.0.13, 1.0.12, 1.0.11, 1.0.10, 1.0.10-2, 1.0.5, 1.0.4, 1.0.3, 1.0.2, 1.0.1, 1.0.1-npm, 0.6.22, 0.6.21, 0.6.19, 0.6.17, 0.6.16, 0.6.15, 0.6.14, 0.6.11, 0.6.10, 0.6.9, 0.6.8, 0.6.7, 0.6.6, 0.6.5, 0.6.4, 0.6.3, 0.6.2, 0.6.1, 0.6.0, 0.5.4, 0.5.3, 0.5.2, 0.5.1, 0.5.0, 0.0.0
42 verbose stack
42 verbose stack     at pickVersionFromRegistryDocument (/home/kevin/n/lib/node_modules/npm/lib/fetch-package-metadata.js:178:16)
42 verbose stack     at /home/kevin/n/lib/node_modules/npm/node_modules/iferr/index.js:13:50
42 verbose stack     at /home/kevin/n/lib/node_modules/npm/lib/utils/pulse-till-done.js:20:8
42 verbose stack     at saved (/home/kevin/n/lib/node_modules/npm/lib/cache/caching-client.js:174:7)
42 verbose stack     at /home/kevin/n/lib/node_modules/npm/node_modules/graceful-fs/polyfills.js:261:18
42 verbose stack     at FSReqWrap.oncomplete (fs.js:135:15)
43 verbose cwd /mnt/c/Users/Kevin/pocket
44 error Linux 4.4.0-43-Microsoft
45 error argv "/home/kevin/n/bin/node" "/home/kevin/n/bin/npm" "i" "--save" "firebase"
46 error node v8.0.0
47 error npm  v3.10.10
48 error code ETARGET
49 error notarget No compatible version found: firebase
49 error notarget Valid install targets:
49 error notarget 4.1.3, 4.1.2, 4.1.1, 4.1.0, 4.0.0, 3.9.0, 3.8.0, 3.7.8, 3.7.7, 3.7.6, 3.7.5, 3.7.4, 3.7.3, 3.7.2, 3.7.1, 3.7.0, 3.6.10, 3.6.9, 3.6.8, 3.6.7, 3.6.6, 3.6.5, 3.6.4, 3.6.3, 3.6.2, 3.6.1, 3.6.0, 3.5.3, 3.5.2, 3.5.1, 3.5.0, 3.4.1, 3.4.0, 3.3.2, 3.3.1, 3.3.0, 3.2.1, 3.2.0, 3.1.0, 3.0.5, 3.0.4, 3.0.3, 3.0.2, 3.0.1, 3.0.0, 2.4.2, 2.4.1, 2.4.0, 2.3.2, 2.3.1, 2.3.0, 2.2.9, 2.2.8, 2.2.7, 2.2.6, 2.2.5, 2.2.4, 2.2.3, 2.2.2, 2.2.1, 2.2.0, 2.1.2, 2.1.1, 2.1.0, 2.0.6, 2.0.5, 2.0.4, 2.0.3, 2.0.2, 2.0.1, 2.0.0, 1.2.0, 1.2.0-beta.1-0, 1.2.0-beta.3, 1.2.0-beta.2, 1.1.3, 1.1.2, 1.1.1, 1.1.0, 1.0.24, 1.0.23, 1.0.21, 1.0.20, 1.0.19, 1.0.18, 1.0.17, 1.0.15, 1.0.15-3, 1.0.15-2, 1.0.14, 1.0.13, 1.0.12, 1.0.11, 1.0.10, 1.0.10-2, 1.0.5, 1.0.4, 1.0.3, 1.0.2, 1.0.1, 1.0.1-npm, 0.6.22, 0.6.21, 0.6.19, 0.6.17, 0.6.16, 0.6.15, 0.6.14, 0.6.11, 0.6.10, 0.6.9, 0.6.8, 0.6.7, 0.6.6, 0.6.5, 0.6.4, 0.6.3, 0.6.2, 0.6.1, 0.6.0, 0.5.4, 0.5.3, 0.5.2, 0.5.1, 0.5.0, 0.0.0
50 error notarget This is most likely not a problem with npm itself.
50 error notarget In most cases you or one of your dependencies are requesting
50 error notarget a package version that doesn't exist.
51 verbose exit [ 1, true ]
